Flow report for Semaforo
Wed Oct 31 22:50:48 2018
Quartus II 64-Bit Version 13.0.0 Build 156 04/24/2013 SJ Web Edition


---------------------
; Table of Contents ;
---------------------
  1. Legal Notice
  2. Flow Summary
  3. Flow Settings
  4. Flow Non-Default Global Settings
  5. Flow Elapsed Time
  6. Flow OS Summary
  7. Flow Log
  8. Flow Messages
  9. Flow Suppressed Messages



----------------
; Legal Notice ;
----------------
Copyright (C) 1991-2013 Altera Corporation
Your use of Altera Corporation's design tools, logic functions 
and other software and tools, and its AMPP partner logic 
functions, and any output files from any of the foregoing 
(including device programming or simulation files), and any 
associated documentation or information are expressly subject 
to the terms and conditions of the Altera Program License 
Subscription Agreement, Altera MegaCore Function License 
Agreement, or other applicable license agreement, including, 
without limitation, that your use is for the sole purpose of 
programming logic devices manufactured by Altera and sold by 
Altera or its authorized distributors.  Please refer to the 
applicable agreement for further details.



+---------------------------------------------------------------------------------+
; Flow Summary                                                                    ;
+------------------------------------+--------------------------------------------+
; Flow Status                        ; Successful - Wed Oct 31 22:50:48 2018      ;
; Quartus II 64-Bit Version          ; 13.0.0 Build 156 04/24/2013 SJ Web Edition ;
; Revision Name                      ; Semaforo                                   ;
; Top-level Entity Name              ; Semaforo                                   ;
; Family                             ; Cyclone II                                 ;
; Device                             ; EP2C35F672C6                               ;
; Timing Models                      ; Final                                      ;
; Total logic elements               ; 201 / 33,216 ( < 1 % )                     ;
;     Total combinational functions  ; 201 / 33,216 ( < 1 % )                     ;
;     Dedicated logic registers      ; 140 / 33,216 ( < 1 % )                     ;
; Total registers                    ; 140                                        ;
; Total pins                         ; 14 / 475 ( 3 % )                           ;
; Total virtual pins                 ; 0                                          ;
; Total memory bits                  ; 0 / 483,840 ( 0 % )                        ;
; Embedded Multiplier 9-bit elements ; 0 / 70 ( 0 % )                             ;
; Total PLLs                         ; 0 / 4 ( 0 % )                              ;
+------------------------------------+--------------------------------------------+


+-----------------------------------------+
; Flow Settings                           ;
+-------------------+---------------------+
; Option            ; Setting             ;
+-------------------+---------------------+
; Start date & time ; 10/31/2018 22:49:23 ;
; Main task         ; Compilation         ;
; Revision Name     ; Semaforo            ;
+-------------------+---------------------+


+----------------------------------------------------------------------------------------------------------------------+
; Flow Non-Default Global Settings                                                                                     ;
+-------------------------------------+---------------------------------+---------------+-------------+----------------+
; Assignment Name                     ; Value                           ; Default Value ; Entity Name ; Section Id     ;
+-------------------------------------+---------------------------------+---------------+-------------+----------------+
; COMPILER_SIGNATURE_ID               ; 171706093842485.154103696205564 ; --            ; --          ; --             ;
; EDA_GENERATE_FUNCTIONAL_NETLIST     ; On                              ; --            ; --          ; eda_simulation ;
; EDA_OUTPUT_DATA_FORMAT              ; Verilog Hdl                     ; --            ; --          ; eda_simulation ;
; EDA_SIMULATION_TOOL                 ; ModelSim-Altera (Verilog)       ; <None>        ; --          ; --             ;
; MAX_CORE_JUNCTION_TEMP              ; 85                              ; --            ; --          ; --             ;
; MIN_CORE_JUNCTION_TEMP              ; 0                               ; --            ; --          ; --             ;
; PARTITION_COLOR                     ; 16764057                        ; --            ; --          ; Top            ;
; PARTITION_FITTER_PRESERVATION_LEVEL ; PLACEMENT_AND_ROUTING           ; --            ; --          ; Top            ;
; PARTITION_NETLIST_TYPE              ; SOURCE                          ; --            ; --          ; Top            ;
; PROJECT_OUTPUT_DIRECTORY            ; output_files                    ; --            ; --          ; --             ;
+-------------------------------------+---------------------------------+---------------+-------------+----------------+


+-------------------------------------------------------------------------------------------------------------------------------+
; Flow Elapsed Time                                                                                                             ;
+---------------------------+--------------+-------------------------+---------------------+------------------------------------+
; Module Name               ; Elapsed Time ; Average Processors Used ; Peak Virtual Memory ; Total CPU Time (on all processors) ;
+---------------------------+--------------+-------------------------+---------------------+------------------------------------+
; Analysis & Synthesis      ; 00:00:04     ; 1.0                     ; 481 MB              ; 00:00:04                           ;
; Fitter                    ; 00:00:13     ; 1.0                     ; 663 MB              ; 00:00:13                           ;
; Assembler                 ; 00:00:06     ; 1.0                     ; 425 MB              ; 00:00:05                           ;
; TimeQuest Timing Analyzer ; 00:00:05     ; 1.0                     ; 393 MB              ; 00:00:03                           ;
; EDA Netlist Writer        ; 00:00:01     ; 1.0                     ; 372 MB              ; 00:00:01                           ;
; EDA Netlist Writer        ; 00:00:01     ; 1.0                     ; 379 MB              ; 00:00:01                           ;
; EDA Netlist Writer        ; 00:00:01     ; 1.0                     ; 379 MB              ; 00:00:02                           ;
; Total                     ; 00:00:31     ; --                      ; --                  ; 00:00:29                           ;
+---------------------------+--------------+-------------------------+---------------------+------------------------------------+


+----------------------------------------------------------------------------------------+
; Flow OS Summary                                                                        ;
+---------------------------+------------------+-----------+------------+----------------+
; Module Name               ; Machine Hostname ; OS Name   ; OS Version ; Processor type ;
+---------------------------+------------------+-----------+------------+----------------+
; Analysis & Synthesis      ; Usuário-PC       ; Windows 7 ; 6.1        ; x86_64         ;
; Fitter                    ; Usuário-PC       ; Windows 7 ; 6.1        ; x86_64         ;
; Assembler                 ; Usuário-PC       ; Windows 7 ; 6.1        ; x86_64         ;
; TimeQuest Timing Analyzer ; Usuário-PC       ; Windows 7 ; 6.1        ; x86_64         ;
; EDA Netlist Writer        ; Usuário-PC       ; Windows 7 ; 6.1        ; x86_64         ;
; EDA Netlist Writer        ; Usuário-PC       ; Windows 7 ; 6.1        ; x86_64         ;
; EDA Netlist Writer        ; Usuário-PC       ; Windows 7 ; 6.1        ; x86_64         ;
+---------------------------+------------------+-----------+------------+----------------+


------------
; Flow Log ;
------------
quartus_map --read_settings_files=on --write_settings_files=off Semaforo -c Semaforo
quartus_fit --read_settings_files=off --write_settings_files=off Semaforo -c Semaforo
quartus_asm --read_settings_files=off --write_settings_files=off Semaforo -c Semaforo
quartus_sta Semaforo -c Semaforo
quartus_eda --read_settings_files=off --write_settings_files=off Semaforo -c Semaforo
quartus_eda --gen_testbench --check_outputs=on --tool=modelsim_oem --format=verilog Semaforo -c Semaforo --vector_source=C:/altera/13.0/projeto2/output_files/Waveform1.vwf --testbench_file=./simulation/qsim/Semaforo.vt
quartus_eda --functional=on --simulation=on --tool=modelsim_oem --format=verilog Semaforo -c Semaforo



